[2022-06-23 18:51:12] local.ERROR: Trait 'Spatie\Translatable\HasTranslations' not found {"exception":"[object] (Symfony\\Component\\ErrorHandler\\Error\\FatalError(code: 0): Trait 'Spatie\\Translatable\\HasTranslations' not found at /Users/asifraza/Documents/proejcts/laravel/ext/adeel/service_onDemand/app/GalleryCategory.php:9)
[stacktrace]
#0 {main}
"} 
[2022-06-23 18:51:13] local.ERROR: Trait 'Spatie\Translatable\HasTranslations' not found {"exception":"[object] (Symfony\\Component\\ErrorHandler\\Error\\FatalError(code: 0): Trait 'Spatie\\Translatable\\HasTranslations' not found at /Users/asifraza/Documents/proejcts/laravel/ext/adeel/service_onDemand/app/GalleryCategory.php:9)
[stacktrace]
#0 {main}
"} 
[2022-06-23 18:52:10] local.ERROR: Trait 'Spatie\Translatable\HasTranslations' not found {"exception":"[object] (Symfony\\Component\\ErrorHandler\\Error\\FatalError(code: 0): Trait 'Spatie\\Translatable\\HasTranslations' not found at /Users/asifraza/Documents/proejcts/laravel/ext/adeel/service_onDemand/app/GalleryCategory.php:9)
[stacktrace]
#0 {main}
"} 
[2022-06-23 18:53:09] local.ERROR: Trait 'Spatie\Translatable\HasTranslations' not found {"exception":"[object] (Symfony\\Component\\ErrorHandler\\Error\\FatalError(code: 0): Trait 'Spatie\\Translatable\\HasTranslations' not found at /Users/asifraza/Documents/proejcts/laravel/ext/adeel/service_onDemand/app/GalleryCategory.php:9)
[stacktrace]
#0 {main}
"} 
[2022-06-23 18:54:09] local.ERROR: Trait 'Spatie\Translatable\HasTranslations' not found {"exception":"[object] (Symfony\\Component\\ErrorHandler\\Error\\FatalError(code: 0): Trait 'Spatie\\Translatable\\HasTranslations' not found at /Users/asifraza/Documents/proejcts/laravel/ext/adeel/service_onDemand/app/GalleryCategory.php:9)
[stacktrace]
#0 {main}
"} 
[2022-06-23 18:55:10] local.ERROR: Trait 'Spatie\Translatable\HasTranslations' not found {"exception":"[object] (Symfony\\Component\\ErrorHandler\\Error\\FatalError(code: 0): Trait 'Spatie\\Translatable\\HasTranslations' not found at /Users/asifraza/Documents/proejcts/laravel/ext/adeel/service_onDemand/app/GalleryCategory.php:9)
[stacktrace]
#0 {main}
"} 
[2022-06-23 18:56:09] local.ERROR: Trait 'Spatie\Translatable\HasTranslations' not found {"exception":"[object] (Symfony\\Component\\ErrorHandler\\Error\\FatalError(code: 0): Trait 'Spatie\\Translatable\\HasTranslations' not found at /Users/asifraza/Documents/proejcts/laravel/ext/adeel/service_onDemand/app/GalleryCategory.php:9)
[stacktrace]
#0 {main}
"} 
[2022-06-23 18:57:09] local.ERROR: Trait 'Spatie\Translatable\HasTranslations' not found {"exception":"[object] (Symfony\\Component\\ErrorHandler\\Error\\FatalError(code: 0): Trait 'Spatie\\Translatable\\HasTranslations' not found at /Users/asifraza/Documents/proejcts/laravel/ext/adeel/service_onDemand/app/GalleryCategory.php:9)
[stacktrace]
#0 {main}
"} 
[2022-06-23 18:58:09] local.ERROR: Trait 'Spatie\Translatable\HasTranslations' not found {"exception":"[object] (Symfony\\Component\\ErrorHandler\\Error\\FatalError(code: 0): Trait 'Spatie\\Translatable\\HasTranslations' not found at /Users/asifraza/Documents/proejcts/laravel/ext/adeel/service_onDemand/app/GalleryCategory.php:9)
[stacktrace]
#0 {main}
"} 
[2022-06-23 18:59:09] local.ERROR: Trait 'Spatie\Translatable\HasTranslations' not found {"exception":"[object] (Symfony\\Component\\ErrorHandler\\Error\\FatalError(code: 0): Trait 'Spatie\\Translatable\\HasTranslations' not found at /Users/asifraza/Documents/proejcts/laravel/ext/adeel/service_onDemand/app/GalleryCategory.php:9)
[stacktrace]
#0 {main}
"} 
[2022-06-23 19:00:09] local.ERROR: Trait 'Spatie\Translatable\HasTranslations' not found {"exception":"[object] (Symfony\\Component\\ErrorHandler\\Error\\FatalError(code: 0): Trait 'Spatie\\Translatable\\HasTranslations' not found at /Users/asifraza/Documents/proejcts/laravel/ext/adeel/service_onDemand/app/GalleryCategory.php:9)
[stacktrace]
#0 {main}
"} 
[2022-06-23 19:01:10] local.ERROR: Trait 'Spatie\Translatable\HasTranslations' not found {"exception":"[object] (Symfony\\Component\\ErrorHandler\\Error\\FatalError(code: 0): Trait 'Spatie\\Translatable\\HasTranslations' not found at /Users/asifraza/Documents/proejcts/laravel/ext/adeel/service_onDemand/app/GalleryCategory.php:9)
[stacktrace]
#0 {main}
"} 
[2022-06-23 19:02:08] local.ERROR: Trait 'Spatie\Translatable\HasTranslations' not found {"exception":"[object] (Symfony\\Component\\ErrorHandler\\Error\\FatalError(code: 0): Trait 'Spatie\\Translatable\\HasTranslations' not found at /Users/asifraza/Documents/proejcts/laravel/ext/adeel/service_onDemand/app/GalleryCategory.php:9)
[stacktrace]
#0 {main}
"} 
[2022-06-23 19:03:09] local.ERROR: Trait 'Spatie\Translatable\HasTranslations' not found {"exception":"[object] (Symfony\\Component\\ErrorHandler\\Error\\FatalError(code: 0): Trait 'Spatie\\Translatable\\HasTranslations' not found at /Users/asifraza/Documents/proejcts/laravel/ext/adeel/service_onDemand/app/GalleryCategory.php:9)
[stacktrace]
#0 {main}
"} 
[2022-06-23 19:04:09] local.ERROR: Trait 'Spatie\Translatable\HasTranslations' not found {"exception":"[object] (Symfony\\Component\\ErrorHandler\\Error\\FatalError(code: 0): Trait 'Spatie\\Translatable\\HasTranslations' not found at /Users/asifraza/Documents/proejcts/laravel/ext/adeel/service_onDemand/app/GalleryCategory.php:9)
[stacktrace]
#0 {main}
"} 
[2022-06-23 19:05:08] local.ERROR: Trait 'Spatie\Translatable\HasTranslations' not found {"exception":"[object] (Symfony\\Component\\ErrorHandler\\Error\\FatalError(code: 0): Trait 'Spatie\\Translatable\\HasTranslations' not found at /Users/asifraza/Documents/proejcts/laravel/ext/adeel/service_onDemand/app/GalleryCategory.php:9)
[stacktrace]
#0 {main}
"} 
[2022-06-23 19:06:08] local.ERROR: Trait 'Spatie\Translatable\HasTranslations' not found {"exception":"[object] (Symfony\\Component\\ErrorHandler\\Error\\FatalError(code: 0): Trait 'Spatie\\Translatable\\HasTranslations' not found at /Users/asifraza/Documents/proejcts/laravel/ext/adeel/service_onDemand/app/GalleryCategory.php:9)
[stacktrace]
#0 {main}
"} 
[2022-06-23 19:07:09] local.ERROR: Trait 'Spatie\Translatable\HasTranslations' not found {"exception":"[object] (Symfony\\Component\\ErrorHandler\\Error\\FatalError(code: 0): Trait 'Spatie\\Translatable\\HasTranslations' not found at /Users/asifraza/Documents/proejcts/laravel/ext/adeel/service_onDemand/app/GalleryCategory.php:9)
[stacktrace]
#0 {main}
"} 
[2022-06-23 19:08:08] local.ERROR: Trait 'Spatie\Translatable\HasTranslations' not found {"exception":"[object] (Symfony\\Component\\ErrorHandler\\Error\\FatalError(code: 0): Trait 'Spatie\\Translatable\\HasTranslations' not found at /Users/asifraza/Documents/proejcts/laravel/ext/adeel/service_onDemand/app/GalleryCategory.php:9)
[stacktrace]
#0 {main}
"} 
[2022-06-23 19:09:09] local.ERROR: Trait 'Spatie\Translatable\HasTranslations' not found {"exception":"[object] (Symfony\\Component\\ErrorHandler\\Error\\FatalError(code: 0): Trait 'Spatie\\Translatable\\HasTranslations' not found at /Users/asifraza/Documents/proejcts/laravel/ext/adeel/service_onDemand/app/GalleryCategory.php:9)
[stacktrace]
#0 {main}
"} 
[2022-06-23 19:10:09] local.ERROR: Trait 'Spatie\Translatable\HasTranslations' not found {"exception":"[object] (Symfony\\Component\\ErrorHandler\\Error\\FatalError(code: 0): Trait 'Spatie\\Translatable\\HasTranslations' not found at /Users/asifraza/Documents/proejcts/laravel/ext/adeel/service_onDemand/app/GalleryCategory.php:9)
[stacktrace]
#0 {main}
"} 
[2022-06-23 19:11:09] local.ERROR: Trait 'Spatie\Translatable\HasTranslations' not found {"exception":"[object] (Symfony\\Component\\ErrorHandler\\Error\\FatalError(code: 0): Trait 'Spatie\\Translatable\\HasTranslations' not found at /Users/asifraza/Documents/proejcts/laravel/ext/adeel/service_onDemand/app/GalleryCategory.php:9)
[stacktrace]
#0 {main}
"} 
[2022-06-23 19:12:10] local.ERROR: Trait 'Spatie\Translatable\HasTranslations' not found {"exception":"[object] (Symfony\\Component\\ErrorHandler\\Error\\FatalError(code: 0): Trait 'Spatie\\Translatable\\HasTranslations' not found at /Users/asifraza/Documents/proejcts/laravel/ext/adeel/service_onDemand/app/GalleryCategory.php:9)
[stacktrace]
#0 {main}
"} 
[2022-06-23 19:13:09] local.ERROR: Trait 'Spatie\Translatable\HasTranslations' not found {"exception":"[object] (Symfony\\Component\\ErrorHandler\\Error\\FatalError(code: 0): Trait 'Spatie\\Translatable\\HasTranslations' not found at /Users/asifraza/Documents/proejcts/laravel/ext/adeel/service_onDemand/app/GalleryCategory.php:9)
[stacktrace]
#0 {main}
"} 
[2022-06-23 19:14:09] local.ERROR: Trait 'Spatie\Translatable\HasTranslations' not found {"exception":"[object] (Symfony\\Component\\ErrorHandler\\Error\\FatalError(code: 0): Trait 'Spatie\\Translatable\\HasTranslations' not found at /Users/asifraza/Documents/proejcts/laravel/ext/adeel/service_onDemand/app/GalleryCategory.php:9)
[stacktrace]
#0 {main}
"} 
[2022-06-23 19:15:10] local.ERROR: Trait 'Spatie\Translatable\HasTranslations' not found {"exception":"[object] (Symfony\\Component\\ErrorHandler\\Error\\FatalError(code: 0): Trait 'Spatie\\Translatable\\HasTranslations' not found at /Users/asifraza/Documents/proejcts/laravel/ext/adeel/service_onDemand/app/GalleryCategory.php:9)
[stacktrace]
#0 {main}
"} 
[2022-06-23 19:16:10] local.ERROR: Trait 'Spatie\Translatable\HasTranslations' not found {"exception":"[object] (Symfony\\Component\\ErrorHandler\\Error\\FatalError(code: 0): Trait 'Spatie\\Translatable\\HasTranslations' not found at /Users/asifraza/Documents/proejcts/laravel/ext/adeel/service_onDemand/app/GalleryCategory.php:9)
[stacktrace]
#0 {main}
"} 
[2022-06-23 19:17:10] local.ERROR: Trait 'Spatie\Translatable\HasTranslations' not found {"exception":"[object] (Symfony\\Component\\ErrorHandler\\Error\\FatalError(code: 0): Trait 'Spatie\\Translatable\\HasTranslations' not found at /Users/asifraza/Documents/proejcts/laravel/ext/adeel/service_onDemand/app/GalleryCategory.php:9)
[stacktrace]
#0 {main}
"} 
[2022-06-23 19:18:10] local.ERROR: Trait 'Spatie\Translatable\HasTranslations' not found {"exception":"[object] (Symfony\\Component\\ErrorHandler\\Error\\FatalError(code: 0): Trait 'Spatie\\Translatable\\HasTranslations' not found at /Users/asifraza/Documents/proejcts/laravel/ext/adeel/service_onDemand/app/GalleryCategory.php:9)
[stacktrace]
#0 {main}
"} 
[2022-06-23 19:19:09] local.ERROR: Trait 'Spatie\Translatable\HasTranslations' not found {"exception":"[object] (Symfony\\Component\\ErrorHandler\\Error\\FatalError(code: 0): Trait 'Spatie\\Translatable\\HasTranslations' not found at /Users/asifraza/Documents/proejcts/laravel/ext/adeel/service_onDemand/app/GalleryCategory.php:9)
[stacktrace]
#0 {main}
"} 
[2022-06-23 19:20:09] local.ERROR: Trait 'Spatie\Translatable\HasTranslations' not found {"exception":"[object] (Symfony\\Component\\ErrorHandler\\Error\\FatalError(code: 0): Trait 'Spatie\\Translatable\\HasTranslations' not found at /Users/asifraza/Documents/proejcts/laravel/ext/adeel/service_onDemand/app/GalleryCategory.php:9)
[stacktrace]
#0 {main}
"} 
[2022-06-23 19:21:10] local.ERROR: Trait 'Spatie\Translatable\HasTranslations' not found {"exception":"[object] (Symfony\\Component\\ErrorHandler\\Error\\FatalError(code: 0): Trait 'Spatie\\Translatable\\HasTranslations' not found at /Users/asifraza/Documents/proejcts/laravel/ext/adeel/service_onDemand/app/GalleryCategory.php:9)
[stacktrace]
#0 {main}
"} 
[2022-06-23 19:22:10] local.ERROR: Trait 'Spatie\Translatable\HasTranslations' not found {"exception":"[object] (Symfony\\Component\\ErrorHandler\\Error\\FatalError(code: 0): Trait 'Spatie\\Translatable\\HasTranslations' not found at /Users/asifraza/Documents/proejcts/laravel/ext/adeel/service_onDemand/app/GalleryCategory.php:9)
[stacktrace]
#0 {main}
"} 
[2022-06-23 19:23:09] local.ERROR: Trait 'Spatie\Translatable\HasTranslations' not found {"exception":"[object] (Symfony\\Component\\ErrorHandler\\Error\\FatalError(code: 0): Trait 'Spatie\\Translatable\\HasTranslations' not found at /Users/asifraza/Documents/proejcts/laravel/ext/adeel/service_onDemand/app/GalleryCategory.php:9)
[stacktrace]
#0 {main}
"} 
[2022-06-23 19:24:09] local.ERROR: Trait 'Spatie\Translatable\HasTranslations' not found {"exception":"[object] (Symfony\\Component\\ErrorHandler\\Error\\FatalError(code: 0): Trait 'Spatie\\Translatable\\HasTranslations' not found at /Users/asifraza/Documents/proejcts/laravel/ext/adeel/service_onDemand/app/GalleryCategory.php:9)
[stacktrace]
#0 {main}
"} 
[2022-06-23 19:25:10] local.ERROR: Trait 'Spatie\Translatable\HasTranslations' not found {"exception":"[object] (Symfony\\Component\\ErrorHandler\\Error\\FatalError(code: 0): Trait 'Spatie\\Translatable\\HasTranslations' not found at /Users/asifraza/Documents/proejcts/laravel/ext/adeel/service_onDemand/app/GalleryCategory.php:9)
[stacktrace]
#0 {main}
"} 
[2022-06-23 19:26:09] local.ERROR: Trait 'Spatie\Translatable\HasTranslations' not found {"exception":"[object] (Symfony\\Component\\ErrorHandler\\Error\\FatalError(code: 0): Trait 'Spatie\\Translatable\\HasTranslations' not found at /Users/asifraza/Documents/proejcts/laravel/ext/adeel/service_onDemand/app/GalleryCategory.php:9)
[stacktrace]
#0 {main}
"} 
[2022-06-23 19:27:09] local.ERROR: Trait 'Spatie\Translatable\HasTranslations' not found {"exception":"[object] (Symfony\\Component\\ErrorHandler\\Error\\FatalError(code: 0): Trait 'Spatie\\Translatable\\HasTranslations' not found at /Users/asifraza/Documents/proejcts/laravel/ext/adeel/service_onDemand/app/GalleryCategory.php:9)
[stacktrace]
#0 {main}
"} 
[2022-06-23 19:28:10] local.ERROR: Trait 'Spatie\Translatable\HasTranslations' not found {"exception":"[object] (Symfony\\Component\\ErrorHandler\\Error\\FatalError(code: 0): Trait 'Spatie\\Translatable\\HasTranslations' not found at /Users/asifraza/Documents/proejcts/laravel/ext/adeel/service_onDemand/app/GalleryCategory.php:9)
[stacktrace]
#0 {main}
"} 
[2022-06-23 19:29:09] local.ERROR: Trait 'Spatie\Translatable\HasTranslations' not found {"exception":"[object] (Symfony\\Component\\ErrorHandler\\Error\\FatalError(code: 0): Trait 'Spatie\\Translatable\\HasTranslations' not found at /Users/asifraza/Documents/proejcts/laravel/ext/adeel/service_onDemand/app/GalleryCategory.php:9)
[stacktrace]
#0 {main}
"} 
[2022-06-23 19:30:09] local.ERROR: Trait 'Spatie\Translatable\HasTranslations' not found {"exception":"[object] (Symfony\\Component\\ErrorHandler\\Error\\FatalError(code: 0): Trait 'Spatie\\Translatable\\HasTranslations' not found at /Users/asifraza/Documents/proejcts/laravel/ext/adeel/service_onDemand/app/GalleryCategory.php:9)
[stacktrace]
#0 {main}
"} 
[2022-06-23 19:31:10] local.ERROR: Trait 'Spatie\Translatable\HasTranslations' not found {"exception":"[object] (Symfony\\Component\\ErrorHandler\\Error\\FatalError(code: 0): Trait 'Spatie\\Translatable\\HasTranslations' not found at /Users/asifraza/Documents/proejcts/laravel/ext/adeel/service_onDemand/app/GalleryCategory.php:9)
[stacktrace]
#0 {main}
"} 
[2022-06-23 19:32:09] local.ERROR: Trait 'Spatie\Translatable\HasTranslations' not found {"exception":"[object] (Symfony\\Component\\ErrorHandler\\Error\\FatalError(code: 0): Trait 'Spatie\\Translatable\\HasTranslations' not found at /Users/asifraza/Documents/proejcts/laravel/ext/adeel/service_onDemand/app/GalleryCategory.php:9)
[stacktrace]
#0 {main}
"} 
[2022-06-23 19:32:51] local.ERROR: file_put_contents(@core/license.json): failed to open stream: No such file or directory {"userId":25,"exception":"[object] (ErrorException(code: 0): file_put_contents(@core/license.json): failed to open stream: No such file or directory at /Users/asifraza/Documents/proejcts/laravel/ext/adeel/service_onDemand/app/Http/Controllers/GeneralSettingsController.php:909)
[stacktrace]
#0 [internal function]: Illuminate\\Foundation\\Bootstrap\\HandleExceptions->handleError(2, 'file_put_conten...', '/Users/asifraza...', 909, Array)
#1 /Users/asifraza/Documents/proejcts/laravel/ext/adeel/service_onDemand/app/Http/Controllers/GeneralSettingsController.php(909): file_put_contents('@core/license.j...', '{\"item_license_...')
#2 /Users/asifraza/Documents/proejcts/laravel/ext/adeel/service_onDemand/vendor/laravel/framework/src/Illuminate/Routing/Controller.php(54): App\\Http\\Controllers\\GeneralSettingsController->update_license_settings(Object(Illuminate\\Http\\Request))
#3 /Users/asifraza/Documents/proejcts/laravel/ext/adeel/service_onDemand/vendor/laravel/framework/src/Illuminate/Routing/ControllerDispatcher.php(45): Illuminate\\Routing\\Controller->callAction('update_license_...', Array)
#4 /Users/asifraza/Documents/proejcts/laravel/ext/adeel/service_onDemand/vendor/laravel/framework/src/Illuminate/Routing/Route.php(262): Illuminate\\Routing\\ControllerDispatcher->dispatch(Object(Illuminate\\Routing\\Route), Object(App\\Http\\Controllers\\GeneralSettingsController), 'update_license_...')
#5 /Users/asifraza/Documents/proejcts/laravel/ext/adeel/service_onDemand/vendor/laravel/framework/src/Illuminate/Routing/Route.php(205): Illuminate\\Routing\\Route->runController()
#6 /Users/asifraza/Documents/proejcts/laravel/ext/adeel/service_onDemand/vendor/laravel/framework/src/Illuminate/Routing/Router.php(721): Illuminate\\Routing\\Route->run()
#7 /Users/asifraza/Documents/proejcts/laravel/ext/adeel/service_onDemand/vendor/laravel/framework/src/Illuminate/Pipeline/Pipeline.php(128): Illuminate\\Routing\\Router->Illuminate\\Routing\\{closure}(Object(Illuminate\\Http\\Request))
#8 /Users/asifraza/Documents/proejcts/laravel/ext/adeel/service_onDemand/vendor/spatie/laravel-permission/src/Middlewares/PermissionMiddleware.php(24): Illuminate\\Pipeline\\Pipeline->Illuminate\\Pipeline\\{closure}(Object(Illuminate\\Http\\Request))
#9 /Users/asifraza/Documents/proejcts/laravel/ext/adeel/service_onDemand/vendor/laravel/framework/src/Illuminate/Pipeline/Pipeline.php(167): Spatie\\Permission\\Middlewares\\PermissionMiddleware->handle(Object(Illuminate\\Http\\Request), Object(Closure), 'general-setting...')
#10 /Users/asifraza/Documents/proejcts/laravel/ext/adeel/service_onDemand/app/Http/Middleware/AdminGlobalVariable.php(28): Illuminate\\Pipeline\\Pipeline->Illuminate\\Pipeline\\{closure}(Object(Illuminate\\Http\\Request))
#11 /Users/asifraza/Documents/proejcts/laravel/ext/adeel/service_onDemand/vendor/laravel/framework/src/Illuminate/Pipeline/Pipeline.php(167): App\\Http\\Middleware\\AdminGlobalVariable->handle(Object(Illuminate\\Http\\Request), Object(Closure))
#12 /Users/asifraza/Documents/proejcts/laravel/ext/adeel/service_onDemand/app/Http/Middleware/SetLang.php(28): Illuminate\\Pipeline\\Pipeline->Illuminate\\Pipeline\\{closure}(Object(Illuminate\\Http\\Request))
#13 /Users/asifraza/Documents/proejcts/laravel/ext/adeel/service_onDemand/vendor/laravel/framework/src/Illuminate/Pipeline/Pipeline.php(167): App\\Http\\Middleware\\SetLang->handle(Object(Illuminate\\Http\\Request), Object(Closure))
#14 /Users/asifraza/Documents/proejcts/laravel/ext/adeel/service_onDemand/vendor/laravel/framework/src/Illuminate/Routing/Middleware/SubstituteBindings.php(50): Illuminate\\Pipeline\\Pipeline->Illuminate\\Pipeline\\{closure}(Object(Illuminate\\Http\\Request))
#15 /Users/asifraza/Documents/proejcts/laravel/ext/adeel/service_onDemand/vendor/laravel/framework/src/Illuminate/Pipeline/Pipeline.php(167): Illuminate\\Routing\\Middleware\\SubstituteBindings->handle(Object(Illuminate\\Http\\Request), Object(Closure))
#16 /Users/asifraza/Documents/proejcts/laravel/ext/adeel/service_onDemand/vendor/laravel/framework/src/Illuminate/Auth/Middleware/Authenticate.php(44): Illuminate\\Pipeline\\Pipeline->Illuminate\\Pipeline\\{closure}(Object(Illuminate\\Http\\Request))
#17 /Users/asifraza/Documents/proejcts/laravel/ext/adeel/service_onDemand/vendor/laravel/framework/src/Illuminate/Pipeline/Pipeline.php(167): Illuminate\\Auth\\Middleware\\Authenticate->handle(Object(Illuminate\\Http\\Request), Object(Closure), 'admin')
#18 /Users/asifraza/Documents/proejcts/laravel/ext/adeel/service_onDemand/vendor/laravel/framework/src/Illuminate/Foundation/Http/Middleware/VerifyCsrfToken.php(78): Illuminate\\Pipeline\\Pipeline->Illuminate\\Pipeline\\{closure}(Object(Illuminate\\Http\\Request))
#19 /Users/asifraza/Documents/proejcts/laravel/ext/adeel/service_onDemand/vendor/laravel/framework/src/Illuminate/Pipeline/Pipeline.php(167): Illuminate\\Foundation\\Http\\Middleware\\VerifyCsrfToken->handle(Object(Illuminate\\Http\\Request), Object(Closure))
#20 /Users/asifraza/Documents/proejcts/laravel/ext/adeel/service_onDemand/vendor/laravel/framework/src/Illuminate/View/Middleware/ShareErrorsFromSession.php(49): Illuminate\\Pipeline\\Pipeline->Illuminate\\Pipeline\\{closure}(Object(Illuminate\\Http\\Request))
#21 /Users/asifraza/Documents/proejcts/laravel/ext/adeel/service_onDemand/vendor/laravel/framework/src/Illuminate/Pipeline/Pipeline.php(167): Illuminate\\View\\Middleware\\ShareErrorsFromSession->handle(Object(Illuminate\\Http\\Request), Object(Closure))
#22 /Users/asifraza/Documents/proejcts/laravel/ext/adeel/service_onDemand/vendor/laravel/framework/src/Illuminate/Session/Middleware/StartSession.php(121): Illuminate\\Pipeline\\Pipeline->Illuminate\\Pipeline\\{closure}(Object(Illuminate\\Http\\Request))
#23 /Users/asifraza/Documents/proejcts/laravel/ext/adeel/service_onDemand/vendor/laravel/framework/src/Illuminate/Session/Middleware/StartSession.php(64): Illuminate\\Session\\Middleware\\StartSession->handleStatefulRequest(Object(Illuminate\\Http\\Request), Object(Illuminate\\Session\\Store), Object(Closure))
#24 /Users/asifraza/Documents/proejcts/laravel/ext/adeel/service_onDemand/vendor/laravel/framework/src/Illuminate/Pipeline/Pipeline.php(167): Illuminate\\Session\\Middleware\\StartSession->handle(Object(Illuminate\\Http\\Request), Object(Closure))
#25 /Users/asifraza/Documents/proejcts/laravel/ext/adeel/service_onDemand/vendor/laravel/framework/src/Illuminate/Cookie/Middleware/AddQueuedCookiesToResponse.php(37): Illuminate\\Pipeline\\Pipeline->Illuminate\\Pipeline\\{closure}(Object(Illuminate\\Http\\Request))
#26 /Users/asifraza/Documents/proejcts/laravel/ext/adeel/service_onDemand/vendor/laravel/framework/src/Illuminate/Pipeline/Pipeline.php(167): Illuminate\\Cookie\\Middleware\\AddQueuedCookiesToResponse->handle(Object(Illuminate\\Http\\Request), Object(Closure))
#27 /Users/asifraza/Documents/proejcts/laravel/ext/adeel/service_onDemand/vendor/laravel/framework/src/Illuminate/Cookie/Middleware/EncryptCookies.php(67): Illuminate\\Pipeline\\Pipeline->Illuminate\\Pipeline\\{closure}(Object(Illuminate\\Http\\Request))
#28 /Users/asifraza/Documents/proejcts/laravel/ext/adeel/service_onDemand/vendor/laravel/framework/src/Illuminate/Pipeline/Pipeline.php(167): Illuminate\\Cookie\\Middleware\\EncryptCookies->handle(Object(Illuminate\\Http\\Request), Object(Closure))
#29 /Users/asifraza/Documents/proejcts/laravel/ext/adeel/service_onDemand/vendor/laravel/framework/src/Illuminate/Pipeline/Pipeline.php(103): Illuminate\\Pipeline\\Pipeline->Illuminate\\Pipeline\\{closure}(Object(Illuminate\\Http\\Request))
#30 /Users/asifraza/Documents/proejcts/laravel/ext/adeel/service_onDemand/vendor/laravel/framework/src/Illuminate/Routing/Router.php(723): Illuminate\\Pipeline\\Pipeline->then(Object(Closure))
#31 /Users/asifraza/Documents/proejcts/laravel/ext/adeel/service_onDemand/vendor/laravel/framework/src/Illuminate/Routing/Router.php(698): Illuminate\\Routing\\Router->runRouteWithinStack(Object(Illuminate\\Routing\\Route), Object(Illuminate\\Http\\Request))
#32 /Users/asifraza/Documents/proejcts/laravel/ext/adeel/service_onDemand/vendor/laravel/framework/src/Illuminate/Routing/Router.php(662): Illuminate\\Routing\\Router->runRoute(Object(Illuminate\\Http\\Request), Object(Illuminate\\Routing\\Route))
#33 /Users/asifraza/Documents/proejcts/laravel/ext/adeel/service_onDemand/vendor/laravel/framework/src/Illuminate/Routing/Router.php(651): Illuminate\\Routing\\Router->dispatchToRoute(Object(Illuminate\\Http\\Request))
#34 /Users/asifraza/Documents/proejcts/laravel/ext/adeel/service_onDemand/vendor/laravel/framework/src/Illuminate/Foundation/Http/Kernel.php(167): Illuminate\\Routing\\Router->dispatch(Object(Illuminate\\Http\\Request))
#35 /Users/asifraza/Documents/proejcts/laravel/ext/adeel/service_onDemand/vendor/laravel/framework/src/Illuminate/Pipeline/Pipeline.php(128): Illuminate\\Foundation\\Http\\Kernel->Illuminate\\Foundation\\Http\\{closure}(Object(Illuminate\\Http\\Request))
#36 /Users/asifraza/Documents/proejcts/laravel/ext/adeel/service_onDemand/vendor/laravel/framework/src/Illuminate/Foundation/Http/Middleware/TransformsRequest.php(21): Illuminate\\Pipeline\\Pipeline->Illuminate\\Pipeline\\{closure}(Object(Illuminate\\Http\\Request))
#37 /Users/asifraza/Documents/proejcts/laravel/ext/adeel/service_onDemand/vendor/laravel/framework/src/Illuminate/Foundation/Http/Middleware/ConvertEmptyStringsToNull.php(31): Illuminate\\Foundation\\Http\\Middleware\\TransformsRequest->handle(Object(Illuminate\\Http\\Request), Object(Closure))
#38 /Users/asifraza/Documents/proejcts/laravel/ext/adeel/service_onDemand/vendor/laravel/framework/src/Illuminate/Pipeline/Pipeline.php(167): Illuminate\\Foundation\\Http\\Middleware\\ConvertEmptyStringsToNull->handle(Object(Illuminate\\Http\\Request), Object(Closure))
#39 /Users/asifraza/Documents/proejcts/laravel/ext/adeel/service_onDemand/vendor/laravel/framework/src/Illuminate/Foundation/Http/Middleware/TransformsRequest.php(21): Illuminate\\Pipeline\\Pipeline->Illuminate\\Pipeline\\{closure}(Object(Illuminate\\Http\\Request))
#40 /Users/asifraza/Documents/proejcts/laravel/ext/adeel/service_onDemand/vendor/laravel/framework/src/Illuminate/Foundation/Http/Middleware/TrimStrings.php(40): Illuminate\\Foundation\\Http\\Middleware\\TransformsRequest->handle(Object(Illuminate\\Http\\Request), Object(Closure))
#41 /Users/asifraza/Documents/proejcts/laravel/ext/adeel/service_onDemand/vendor/laravel/framework/src/Illuminate/Pipeline/Pipeline.php(167): Illuminate\\Foundation\\Http\\Middleware\\TrimStrings->handle(Object(Illuminate\\Http\\Request), Object(Closure))
#42 /Users/asifraza/Documents/proejcts/laravel/ext/adeel/service_onDemand/vendor/laravel/framework/src/Illuminate/Foundation/Http/Middleware/ValidatePostSize.php(27): Illuminate\\Pipeline\\Pipeline->Illuminate\\Pipeline\\{closure}(Object(Illuminate\\Http\\Request))
#43 /Users/asifraza/Documents/proejcts/laravel/ext/adeel/service_onDemand/vendor/laravel/framework/src/Illuminate/Pipeline/Pipeline.php(167): Illuminate\\Foundation\\Http\\Middleware\\ValidatePostSize->handle(Object(Illuminate\\Http\\Request), Object(Closure))
#44 /Users/asifraza/Documents/proejcts/laravel/ext/adeel/service_onDemand/vendor/laravel/framework/src/Illuminate/Foundation/Http/Middleware/PreventRequestsDuringMaintenance.php(86): Illuminate\\Pipeline\\Pipeline->Illuminate\\Pipeline\\{closure}(Object(Illuminate\\Http\\Request))
#45 /Users/asifraza/Documents/proejcts/laravel/ext/adeel/service_onDemand/vendor/laravel/framework/src/Illuminate/Pipeline/Pipeline.php(167): Illuminate\\Foundation\\Http\\Middleware\\PreventRequestsDuringMaintenance->handle(Object(Illuminate\\Http\\Request), Object(Closure))
#46 /Users/asifraza/Documents/proejcts/laravel/ext/adeel/service_onDemand/vendor/fideloper/proxy/src/TrustProxies.php(57): Illuminate\\Pipeline\\Pipeline->Illuminate\\Pipeline\\{closure}(Object(Illuminate\\Http\\Request))
#47 /Users/asifraza/Documents/proejcts/laravel/ext/adeel/service_onDemand/vendor/laravel/framework/src/Illuminate/Pipeline/Pipeline.php(167): Fideloper\\Proxy\\TrustProxies->handle(Object(Illuminate\\Http\\Request), Object(Closure))
#48 /Users/asifraza/Documents/proejcts/laravel/ext/adeel/service_onDemand/vendor/laravel/framework/src/Illuminate/Pipeline/Pipeline.php(103): Illuminate\\Pipeline\\Pipeline->Illuminate\\Pipeline\\{closure}(Object(Illuminate\\Http\\Request))
#49 /Users/asifraza/Documents/proejcts/laravel/ext/adeel/service_onDemand/vendor/laravel/framework/src/Illuminate/Foundation/Http/Kernel.php(142): Illuminate\\Pipeline\\Pipeline->then(Object(Closure))
#50 /Users/asifraza/Documents/proejcts/laravel/ext/adeel/service_onDemand/vendor/laravel/framework/src/Illuminate/Foundation/Http/Kernel.php(111): Illuminate\\Foundation\\Http\\Kernel->sendRequestThroughRouter(Object(Illuminate\\Http\\Request))
#51 /Users/asifraza/Documents/proejcts/laravel/ext/adeel/service_onDemand/public/index.php(55): Illuminate\\Foundation\\Http\\Kernel->handle(Object(Illuminate\\Http\\Request))
#52 /Users/asifraza/Documents/proejcts/laravel/ext/adeel/service_onDemand/server.php(21): require_once('/Users/asifraza...')
#53 {main}
"} 
[2022-06-23 19:33:10] local.ERROR: Trait 'Spatie\Translatable\HasTranslations' not found {"exception":"[object] (Symfony\\Component\\ErrorHandler\\Error\\FatalError(code: 0): Trait 'Spatie\\Translatable\\HasTranslations' not found at /Users/asifraza/Documents/proejcts/laravel/ext/adeel/service_onDemand/app/GalleryCategory.php:9)
[stacktrace]
#0 {main}
"} 
[2022-06-23 19:34:09] local.ERROR: Trait 'Spatie\Translatable\HasTranslations' not found {"exception":"[object] (Symfony\\Component\\ErrorHandler\\Error\\FatalError(code: 0): Trait 'Spatie\\Translatable\\HasTranslations' not found at /Users/asifraza/Documents/proejcts/laravel/ext/adeel/service_onDemand/app/GalleryCategory.php:9)
[stacktrace]
#0 {main}
"} 
[2022-06-23 19:35:10] local.ERROR: Trait 'Spatie\Translatable\HasTranslations' not found {"exception":"[object] (Symfony\\Component\\ErrorHandler\\Error\\FatalError(code: 0): Trait 'Spatie\\Translatable\\HasTranslations' not found at /Users/asifraza/Documents/proejcts/laravel/ext/adeel/service_onDemand/app/GalleryCategory.php:9)
[stacktrace]
#0 {main}
"} 
[2022-06-23 19:36:10] local.ERROR: Trait 'Spatie\Translatable\HasTranslations' not found {"exception":"[object] (Symfony\\Component\\ErrorHandler\\Error\\FatalError(code: 0): Trait 'Spatie\\Translatable\\HasTranslations' not found at /Users/asifraza/Documents/proejcts/laravel/ext/adeel/service_onDemand/app/GalleryCategory.php:9)
[stacktrace]
#0 {main}
"} 
[2022-06-23 19:37:10] local.ERROR: Trait 'Spatie\Translatable\HasTranslations' not found {"exception":"[object] (Symfony\\Component\\ErrorHandler\\Error\\FatalError(code: 0): Trait 'Spatie\\Translatable\\HasTranslations' not found at /Users/asifraza/Documents/proejcts/laravel/ext/adeel/service_onDemand/app/GalleryCategory.php:9)
[stacktrace]
#0 {main}
"} 
[2022-06-23 19:38:09] local.ERROR: Trait 'Spatie\Translatable\HasTranslations' not found {"exception":"[object] (Symfony\\Component\\ErrorHandler\\Error\\FatalError(code: 0): Trait 'Spatie\\Translatable\\HasTranslations' not found at /Users/asifraza/Documents/proejcts/laravel/ext/adeel/service_onDemand/app/GalleryCategory.php:9)
[stacktrace]
#0 {main}
"} 
[2022-06-23 19:39:10] local.ERROR: Trait 'Spatie\Translatable\HasTranslations' not found {"exception":"[object] (Symfony\\Component\\ErrorHandler\\Error\\FatalError(code: 0): Trait 'Spatie\\Translatable\\HasTranslations' not found at /Users/asifraza/Documents/proejcts/laravel/ext/adeel/service_onDemand/app/GalleryCategory.php:9)
[stacktrace]
#0 {main}
"} 
[2022-06-23 19:40:09] local.ERROR: Trait 'Spatie\Translatable\HasTranslations' not found {"exception":"[object] (Symfony\\Component\\ErrorHandler\\Error\\FatalError(code: 0): Trait 'Spatie\\Translatable\\HasTranslations' not found at /Users/asifraza/Documents/proejcts/laravel/ext/adeel/service_onDemand/app/GalleryCategory.php:9)
[stacktrace]
#0 {main}
"} 
[2022-06-23 19:41:12] local.ERROR: Trait 'Spatie\Translatable\HasTranslations' not found {"exception":"[object] (Symfony\\Component\\ErrorHandler\\Error\\FatalError(code: 0): Trait 'Spatie\\Translatable\\HasTranslations' not found at /Users/asifraza/Documents/proejcts/laravel/ext/adeel/service_onDemand/app/GalleryCategory.php:9)
[stacktrace]
#0 {main}
"} 
[2022-06-23 19:42:09] local.ERROR: Trait 'Spatie\Translatable\HasTranslations' not found {"exception":"[object] (Symfony\\Component\\ErrorHandler\\Error\\FatalError(code: 0): Trait 'Spatie\\Translatable\\HasTranslations' not found at /Users/asifraza/Documents/proejcts/laravel/ext/adeel/service_onDemand/app/GalleryCategory.php:9)
[stacktrace]
#0 {main}
"} 
[2022-06-23 19:43:09] local.ERROR: Trait 'Spatie\Translatable\HasTranslations' not found {"exception":"[object] (Symfony\\Component\\ErrorHandler\\Error\\FatalError(code: 0): Trait 'Spatie\\Translatable\\HasTranslations' not found at /Users/asifraza/Documents/proejcts/laravel/ext/adeel/service_onDemand/app/GalleryCategory.php:9)
[stacktrace]
#0 {main}
"} 
[2022-06-23 19:44:12] local.ERROR: Trait 'Spatie\Translatable\HasTranslations' not found {"exception":"[object] (Symfony\\Component\\ErrorHandler\\Error\\FatalError(code: 0): Trait 'Spatie\\Translatable\\HasTranslations' not found at /Users/asifraza/Documents/proejcts/laravel/ext/adeel/service_onDemand/app/GalleryCategory.php:9)
[stacktrace]
#0 {main}
"} 
[2022-06-23 20:44:40] local.ERROR: Trait 'Spatie\Translatable\HasTranslations' not found {"exception":"[object] (Symfony\\Component\\ErrorHandler\\Error\\FatalError(code: 0): Trait 'Spatie\\Translatable\\HasTranslations' not found at /Users/asifraza/Documents/proejcts/laravel/ext/adeel/service_onDemand/app/GalleryCategory.php:9)
[stacktrace]
#0 {main}
"} 
[2022-06-23 20:45:28] local.ERROR: Trait 'Spatie\Translatable\HasTranslations' not found {"exception":"[object] (Symfony\\Component\\ErrorHandler\\Error\\FatalError(code: 0): Trait 'Spatie\\Translatable\\HasTranslations' not found at /Users/asifraza/Documents/proejcts/laravel/ext/adeel/service_onDemand/app/GalleryCategory.php:9)
[stacktrace]
#0 {main}
"} 
[2022-06-23 21:46:10] local.ERROR: Trait 'Spatie\Translatable\HasTranslations' not found {"exception":"[object] (Symfony\\Component\\ErrorHandler\\Error\\FatalError(code: 0): Trait 'Spatie\\Translatable\\HasTranslations' not found at /Users/asifraza/Documents/proejcts/laravel/ext/adeel/service_onDemand/app/GalleryCategory.php:9)
[stacktrace]
#0 {main}
"} 
